The system is: Linux - 4.5.0-1-ARCH - x86_64
Compiling the C compiler identification source file "CMakeCCompilerId.c" succeeded.
Compiler: /usr/bin/clang 
Build flags: 
Id flags: 

The output was:
0


Compilation of the C compiler identification source "CMakeCCompilerId.c" produced "a.out"

The C compiler identification is Clang, found in "/home/chaomai/Documents/Codes/Current/GitHub/learning/linux/apue/socket/build/CMakeFiles/3.5.1/CompilerIdC/a.out"

Compiling the CXX compiler identification source file "CMakeCXXCompilerId.cpp" succeeded.
Compiler: /usr/bin/clang++ 
Build flags: 
Id flags: 

The output was:
0


Compilation of the CXX compiler identification source "CMakeCXXCompilerId.cpp" produced "a.out"

The CXX compiler identification is Clang, found in "/home/chaomai/Documents/Codes/Current/GitHub/learning/linux/apue/socket/build/CMakeFiles/3.5.1/CompilerIdCXX/a.out"

Determining if the C compiler works passed with the following output:
Change Dir: /home/chaomai/Documents/Codes/Current/GitHub/learning/linux/apue/socket/build/CMakeFiles/CMakeTmp

Run Build Command:"/usr/bin/make" "cmTC_b5c44/fast"
/usr/bin/make -f CMakeFiles/cmTC_b5c44.dir/build.make CMakeFiles/cmTC_b5c44.dir/build
make[1]: Entering directory '/home/chaomai/Documents/Codes/Current/GitHub/learning/linux/apue/socket/build/CMakeFiles/CMakeTmp'
Building C object CMakeFiles/cmTC_b5c44.dir/testCCompiler.c.o
/usr/bin/clang     -o CMakeFiles/cmTC_b5c44.dir/testCCompiler.c.o   -c /home/chaomai/Documents/Codes/Current/GitHub/learning/linux/apue/socket/build/CMakeFiles/CMakeTmp/testCCompiler.c
Linking C executable cmTC_b5c44
/usr/bin/cmake -E cmake_link_script CMakeFiles/cmTC_b5c44.dir/link.txt --verbose=1
/usr/bin/clang       CMakeFiles/cmTC_b5c44.dir/testCCompiler.c.o  -o cmTC_b5c44 -rdynamic 
make[1]: Leaving directory '/home/chaomai/Documents/Codes/Current/GitHub/learning/linux/apue/socket/build/CMakeFiles/CMakeTmp'


Detecting C compiler ABI info compiled with the following output:
Change Dir: /home/chaomai/Documents/Codes/Current/GitHub/learning/linux/apue/socket/build/CMakeFiles/CMakeTmp

Run Build Command:"/usr/bin/make" "cmTC_4f421/fast"
/usr/bin/make -f CMakeFiles/cmTC_4f421.dir/build.make CMakeFiles/cmTC_4f421.dir/build
make[1]: Entering directory '/home/chaomai/Documents/Codes/Current/GitHub/learning/linux/apue/socket/build/CMakeFiles/CMakeTmp'
Building C object CMakeFiles/cmTC_4f421.dir/CMakeCCompilerABI.c.o
/usr/bin/clang     -o CMakeFiles/cmTC_4f421.dir/CMakeCCompilerABI.c.o   -c /usr/share/cmake-3.5/Modules/CMakeCCompilerABI.c
Linking C executable cmTC_4f421
/usr/bin/cmake -E cmake_link_script CMakeFiles/cmTC_4f421.dir/link.txt --verbose=1
/usr/bin/clang      -v CMakeFiles/cmTC_4f421.dir/CMakeCCompilerABI.c.o  -o cmTC_4f421 -rdynamic  
clang version 3.7.1 (tags/RELEASE_371/final)
Target: x86_64-unknown-linux-gnu
Thread model: posix
Found candidate GCC installation: /usr/bin/../lib/gcc/x86_64-unknown-linux-gnu/5.3.0
Found candidate GCC installation: /usr/bin/../lib64/gcc/x86_64-unknown-linux-gnu/5.3.0
Found candidate GCC installation: /usr/lib/gcc/x86_64-unknown-linux-gnu/5.3.0
Found candidate GCC installation: /usr/lib64/gcc/x86_64-unknown-linux-gnu/5.3.0
Selected GCC installation: /usr/bin/../lib64/gcc/x86_64-unknown-linux-gnu/5.3.0
Candidate multilib: .;@m64
Selected multilib: .;@m64
 "/usr/bin/ld" -export-dynamic --eh-frame-hdr -m elf_x86_64 -dynamic-linker /lib64/ld-linux-x86-64.so.2 -o cmTC_4f421 /usr/bin/../lib64/gcc/x86_64-unknown-linux-gnu/5.3.0/../../../../lib64/crt1.o /usr/bin/../lib64/gcc/x86_64-unknown-linux-gnu/5.3.0/../../../../lib64/crti.o /usr/bin/../lib64/gcc/x86_64-unknown-linux-gnu/5.3.0/crtbegin.o -L/usr/bin/../lib64/gcc/x86_64-unknown-linux-gnu/5.3.0 -L/usr/bin/../lib64/gcc/x86_64-unknown-linux-gnu/5.3.0/../../../../lib64 -L/usr/bin/../lib64 -L/lib/../lib64 -L/usr/lib/../lib64 -L/usr/bin/../lib64/gcc/x86_64-unknown-linux-gnu/5.3.0/../../.. -L/usr/bin/../lib -L/lib -L/usr/lib CMakeFiles/cmTC_4f421.dir/CMakeCCompilerABI.c.o -lgcc --as-needed -lgcc_s --no-as-needed -lc -lgcc --as-needed -lgcc_s --no-as-needed /usr/bin/../lib64/gcc/x86_64-unknown-linux-gnu/5.3.0/crtend.o /usr/bin/../lib64/gcc/x86_64-unknown-linux-gnu/5.3.0/../../../../lib64/crtn.o
make[1]: Leaving directory '/home/chaomai/Documents/Codes/Current/GitHub/learning/linux/apue/socket/build/CMakeFiles/CMakeTmp'


Parsed C implicit link information from above output:
  link line regex: [^( *|.*[/\])(ld|([^/\]+-)?ld|collect2)[^/\]*( |$)]
  ignore line: [Change Dir: /home/chaomai/Documents/Codes/Current/GitHub/learning/linux/apue/socket/build/CMakeFiles/CMakeTmp]
  ignore line: []
  ignore line: [Run Build Command:"/usr/bin/make" "cmTC_4f421/fast"]
  ignore line: [/usr/bin/make -f CMakeFiles/cmTC_4f421.dir/build.make CMakeFiles/cmTC_4f421.dir/build]
  ignore line: [make[1]: Entering directory '/home/chaomai/Documents/Codes/Current/GitHub/learning/linux/apue/socket/build/CMakeFiles/CMakeTmp']
  ignore line: [Building C object CMakeFiles/cmTC_4f421.dir/CMakeCCompilerABI.c.o]
  ignore line: [/usr/bin/clang     -o CMakeFiles/cmTC_4f421.dir/CMakeCCompilerABI.c.o   -c /usr/share/cmake-3.5/Modules/CMakeCCompilerABI.c]
  ignore line: [Linking C executable cmTC_4f421]
  ignore line: [/usr/bin/cmake -E cmake_link_script CMakeFiles/cmTC_4f421.dir/link.txt --verbose=1]
  ignore line: [/usr/bin/clang      -v CMakeFiles/cmTC_4f421.dir/CMakeCCompilerABI.c.o  -o cmTC_4f421 -rdynamic  ]
  ignore line: [clang version 3.7.1 (tags/RELEASE_371/final)]
  ignore line: [Target: x86_64-unknown-linux-gnu]
  ignore line: [Thread model: posix]
  ignore line: [Found candidate GCC installation: /usr/bin/../lib/gcc/x86_64-unknown-linux-gnu/5.3.0]
  ignore line: [Found candidate GCC installation: /usr/bin/../lib64/gcc/x86_64-unknown-linux-gnu/5.3.0]
  ignore line: [Found candidate GCC installation: /usr/lib/gcc/x86_64-unknown-linux-gnu/5.3.0]
  ignore line: [Found candidate GCC installation: /usr/lib64/gcc/x86_64-unknown-linux-gnu/5.3.0]
  ignore line: [Selected GCC installation: /usr/bin/../lib64/gcc/x86_64-unknown-linux-gnu/5.3.0]
  ignore line: [Candidate multilib: .]
  ignore line: [@m64]
  ignore line: [Selected multilib: .]
  ignore line: [@m64]
  link line: [ "/usr/bin/ld" -export-dynamic --eh-frame-hdr -m elf_x86_64 -dynamic-linker /lib64/ld-linux-x86-64.so.2 -o cmTC_4f421 /usr/bin/../lib64/gcc/x86_64-unknown-linux-gnu/5.3.0/../../../../lib64/crt1.o /usr/bin/../lib64/gcc/x86_64-unknown-linux-gnu/5.3.0/../../../../lib64/crti.o /usr/bin/../lib64/gcc/x86_64-unknown-linux-gnu/5.3.0/crtbegin.o -L/usr/bin/../lib64/gcc/x86_64-unknown-linux-gnu/5.3.0 -L/usr/bin/../lib64/gcc/x86_64-unknown-linux-gnu/5.3.0/../../../../lib64 -L/usr/bin/../lib64 -L/lib/../lib64 -L/usr/lib/../lib64 -L/usr/bin/../lib64/gcc/x86_64-unknown-linux-gnu/5.3.0/../../.. -L/usr/bin/../lib -L/lib -L/usr/lib CMakeFiles/cmTC_4f421.dir/CMakeCCompilerABI.c.o -lgcc --as-needed -lgcc_s --no-as-needed -lc -lgcc --as-needed -lgcc_s --no-as-needed /usr/bin/../lib64/gcc/x86_64-unknown-linux-gnu/5.3.0/crtend.o /usr/bin/../lib64/gcc/x86_64-unknown-linux-gnu/5.3.0/../../../../lib64/crtn.o]
    arg [/usr/bin/ld] ==> ignore
    arg [-export-dynamic] ==> ignore
    arg [--eh-frame-hdr] ==> ignore
    arg [-m] ==> ignore
    arg [elf_x86_64] ==> ignore
    arg [-dynamic-linker] ==> ignore
    arg [/lib64/ld-linux-x86-64.so.2] ==> ignore
    arg [-o] ==> ignore
    arg [cmTC_4f421] ==> ignore
    arg [/usr/bin/../lib64/gcc/x86_64-unknown-linux-gnu/5.3.0/../../../../lib64/crt1.o] ==> ignore
    arg [/usr/bin/../lib64/gcc/x86_64-unknown-linux-gnu/5.3.0/../../../../lib64/crti.o] ==> ignore
    arg [/usr/bin/../lib64/gcc/x86_64-unknown-linux-gnu/5.3.0/crtbegin.o] ==> ignore
    arg [-L/usr/bin/../lib64/gcc/x86_64-unknown-linux-gnu/5.3.0] ==> dir [/usr/bin/../lib64/gcc/x86_64-unknown-linux-gnu/5.3.0]
    arg [-L/usr/bin/../lib64/gcc/x86_64-unknown-linux-gnu/5.3.0/../../../../lib64] ==> dir [/usr/bin/../lib64/gcc/x86_64-unknown-linux-gnu/5.3.0/../../../../lib64]
    arg [-L/usr/bin/../lib64] ==> dir [/usr/bin/../lib64]
    arg [-L/lib/../lib64] ==> dir [/lib/../lib64]
    arg [-L/usr/lib/../lib64] ==> dir [/usr/lib/../lib64]
    arg [-L/usr/bin/../lib64/gcc/x86_64-unknown-linux-gnu/5.3.0/../../..] ==> dir [/usr/bin/../lib64/gcc/x86_64-unknown-linux-gnu/5.3.0/../../..]
    arg [-L/usr/bin/../lib] ==> dir [/usr/bin/../lib]
    arg [-L/lib] ==> dir [/lib]
    arg [-L/usr/lib] ==> dir [/usr/lib]
    arg [CMakeFiles/cmTC_4f421.dir/CMakeCCompilerABI.c.o] ==> ignore
    arg [-lgcc] ==> lib [gcc]
    arg [--as-needed] ==> ignore
    arg [-lgcc_s] ==> lib [gcc_s]
    arg [--no-as-needed] ==> ignore
    arg [-lc] ==> lib [c]
    arg [-lgcc] ==> lib [gcc]
    arg [--as-needed] ==> ignore
    arg [-lgcc_s] ==> lib [gcc_s]
    arg [--no-as-needed] ==> ignore
    arg [/usr/bin/../lib64/gcc/x86_64-unknown-linux-gnu/5.3.0/crtend.o] ==> ignore
    arg [/usr/bin/../lib64/gcc/x86_64-unknown-linux-gnu/5.3.0/../../../../lib64/crtn.o] ==> ignore
  remove lib [gcc]
  remove lib [gcc_s]
  remove lib [gcc]
  remove lib [gcc_s]
  collapse library dir [/usr/bin/../lib64/gcc/x86_64-unknown-linux-gnu/5.3.0] ==> [/usr/lib64/gcc/x86_64-unknown-linux-gnu/5.3.0]
  collapse library dir [/usr/bin/../lib64/gcc/x86_64-unknown-linux-gnu/5.3.0/../../../../lib64] ==> [/usr/lib64]
  collapse library dir [/usr/bin/../lib64] ==> [/usr/lib64]
  collapse library dir [/lib/../lib64] ==> [/lib64]
  collapse library dir [/usr/lib/../lib64] ==> [/usr/lib64]
  collapse library dir [/usr/bin/../lib64/gcc/x86_64-unknown-linux-gnu/5.3.0/../../..] ==> [/usr/lib64]
  collapse library dir [/usr/bin/../lib] ==> [/usr/lib]
  collapse library dir [/lib] ==> [/lib]
  collapse library dir [/usr/lib] ==> [/usr/lib]
  implicit libs: [c]
  implicit dirs: [/usr/lib64/gcc/x86_64-unknown-linux-gnu/5.3.0;/usr/lib64;/lib64;/usr/lib;/lib]
  implicit fwks: []




Detecting C [-std=c11] compiler features compiled with the following output:
Change Dir: /home/chaomai/Documents/Codes/Current/GitHub/learning/linux/apue/socket/build/CMakeFiles/CMakeTmp

Run Build Command:"/usr/bin/make" "cmTC_ef1ac/fast"
/usr/bin/make -f CMakeFiles/cmTC_ef1ac.dir/build.make CMakeFiles/cmTC_ef1ac.dir/build
make[1]: Entering directory '/home/chaomai/Documents/Codes/Current/GitHub/learning/linux/apue/socket/build/CMakeFiles/CMakeTmp'
Building C object CMakeFiles/cmTC_ef1ac.dir/feature_tests.c.o
/usr/bin/clang    -std=c11 -o CMakeFiles/cmTC_ef1ac.dir/feature_tests.c.o   -c /home/chaomai/Documents/Codes/Current/GitHub/learning/linux/apue/socket/build/CMakeFiles/feature_tests.c
Linking C executable cmTC_ef1ac
/usr/bin/cmake -E cmake_link_script CMakeFiles/cmTC_ef1ac.dir/link.txt --verbose=1
/usr/bin/clang       CMakeFiles/cmTC_ef1ac.dir/feature_tests.c.o  -o cmTC_ef1ac -rdynamic 
make[1]: Leaving directory '/home/chaomai/Documents/Codes/Current/GitHub/learning/linux/apue/socket/build/CMakeFiles/CMakeTmp'


    Feature record: C_FEATURE:1c_function_prototypes
    Feature record: C_FEATURE:1c_restrict
    Feature record: C_FEATURE:1c_static_assert
    Feature record: C_FEATURE:1c_variadic_macros


Detecting C [-std=c99] compiler features compiled with the following output:
Change Dir: /home/chaomai/Documents/Codes/Current/GitHub/learning/linux/apue/socket/build/CMakeFiles/CMakeTmp

Run Build Command:"/usr/bin/make" "cmTC_2d00c/fast"
/usr/bin/make -f CMakeFiles/cmTC_2d00c.dir/build.make CMakeFiles/cmTC_2d00c.dir/build
make[1]: Entering directory '/home/chaomai/Documents/Codes/Current/GitHub/learning/linux/apue/socket/build/CMakeFiles/CMakeTmp'
Building C object CMakeFiles/cmTC_2d00c.dir/feature_tests.c.o
/usr/bin/clang    -std=c99 -o CMakeFiles/cmTC_2d00c.dir/feature_tests.c.o   -c /home/chaomai/Documents/Codes/Current/GitHub/learning/linux/apue/socket/build/CMakeFiles/feature_tests.c
Linking C executable cmTC_2d00c
/usr/bin/cmake -E cmake_link_script CMakeFiles/cmTC_2d00c.dir/link.txt --verbose=1
/usr/bin/clang       CMakeFiles/cmTC_2d00c.dir/feature_tests.c.o  -o cmTC_2d00c -rdynamic 
make[1]: Leaving directory '/home/chaomai/Documents/Codes/Current/GitHub/learning/linux/apue/socket/build/CMakeFiles/CMakeTmp'


    Feature record: C_FEATURE:1c_function_prototypes
    Feature record: C_FEATURE:1c_restrict
    Feature record: C_FEATURE:0c_static_assert
    Feature record: C_FEATURE:1c_variadic_macros


Detecting C [-std=c90] compiler features compiled with the following output:
Change Dir: /home/chaomai/Documents/Codes/Current/GitHub/learning/linux/apue/socket/build/CMakeFiles/CMakeTmp

Run Build Command:"/usr/bin/make" "cmTC_432fa/fast"
/usr/bin/make -f CMakeFiles/cmTC_432fa.dir/build.make CMakeFiles/cmTC_432fa.dir/build
make[1]: Entering directory '/home/chaomai/Documents/Codes/Current/GitHub/learning/linux/apue/socket/build/CMakeFiles/CMakeTmp'
Building C object CMakeFiles/cmTC_432fa.dir/feature_tests.c.o
/usr/bin/clang    -std=c90 -o CMakeFiles/cmTC_432fa.dir/feature_tests.c.o   -c /home/chaomai/Documents/Codes/Current/GitHub/learning/linux/apue/socket/build/CMakeFiles/feature_tests.c
Linking C executable cmTC_432fa
/usr/bin/cmake -E cmake_link_script CMakeFiles/cmTC_432fa.dir/link.txt --verbose=1
/usr/bin/clang       CMakeFiles/cmTC_432fa.dir/feature_tests.c.o  -o cmTC_432fa -rdynamic 
make[1]: Leaving directory '/home/chaomai/Documents/Codes/Current/GitHub/learning/linux/apue/socket/build/CMakeFiles/CMakeTmp'


    Feature record: C_FEATURE:1c_function_prototypes
    Feature record: C_FEATURE:0c_restrict
    Feature record: C_FEATURE:0c_static_assert
    Feature record: C_FEATURE:0c_variadic_macros
Determining if the CXX compiler works passed with the following output:
Change Dir: /home/chaomai/Documents/Codes/Current/GitHub/learning/linux/apue/socket/build/CMakeFiles/CMakeTmp

Run Build Command:"/usr/bin/make" "cmTC_505aa/fast"
/usr/bin/make -f CMakeFiles/cmTC_505aa.dir/build.make CMakeFiles/cmTC_505aa.dir/build
make[1]: Entering directory '/home/chaomai/Documents/Codes/Current/GitHub/learning/linux/apue/socket/build/CMakeFiles/CMakeTmp'
Building CXX object CMakeFiles/cmTC_505aa.dir/testCXXCompiler.cxx.o
/usr/bin/clang++      -o CMakeFiles/cmTC_505aa.dir/testCXXCompiler.cxx.o -c /home/chaomai/Documents/Codes/Current/GitHub/learning/linux/apue/socket/build/CMakeFiles/CMakeTmp/testCXXCompiler.cxx
Linking CXX executable cmTC_505aa
/usr/bin/cmake -E cmake_link_script CMakeFiles/cmTC_505aa.dir/link.txt --verbose=1
/usr/bin/clang++        CMakeFiles/cmTC_505aa.dir/testCXXCompiler.cxx.o  -o cmTC_505aa -rdynamic 
make[1]: Leaving directory '/home/chaomai/Documents/Codes/Current/GitHub/learning/linux/apue/socket/build/CMakeFiles/CMakeTmp'


Detecting CXX compiler ABI info compiled with the following output:
Change Dir: /home/chaomai/Documents/Codes/Current/GitHub/learning/linux/apue/socket/build/CMakeFiles/CMakeTmp

Run Build Command:"/usr/bin/make" "cmTC_dacfa/fast"
/usr/bin/make -f CMakeFiles/cmTC_dacfa.dir/build.make CMakeFiles/cmTC_dacfa.dir/build
make[1]: Entering directory '/home/chaomai/Documents/Codes/Current/GitHub/learning/linux/apue/socket/build/CMakeFiles/CMakeTmp'
Building CXX object CMakeFiles/cmTC_dacfa.dir/CMakeCXXCompilerABI.cpp.o
/usr/bin/clang++      -o CMakeFiles/cmTC_dacfa.dir/CMakeCXXCompilerABI.cpp.o -c /usr/share/cmake-3.5/Modules/CMakeCXXCompilerABI.cpp
Linking CXX executable cmTC_dacfa
/usr/bin/cmake -E cmake_link_script CMakeFiles/cmTC_dacfa.dir/link.txt --verbose=1
/usr/bin/clang++       -v CMakeFiles/cmTC_dacfa.dir/CMakeCXXCompilerABI.cpp.o  -o cmTC_dacfa -rdynamic  
clang version 3.7.1 (tags/RELEASE_371/final)
Target: x86_64-unknown-linux-gnu
Thread model: posix
Found candidate GCC installation: /usr/bin/../lib/gcc/x86_64-unknown-linux-gnu/5.3.0
Found candidate GCC installation: /usr/bin/../lib64/gcc/x86_64-unknown-linux-gnu/5.3.0
Found candidate GCC installation: /usr/lib/gcc/x86_64-unknown-linux-gnu/5.3.0
Found candidate GCC installation: /usr/lib64/gcc/x86_64-unknown-linux-gnu/5.3.0
Selected GCC installation: /usr/bin/../lib64/gcc/x86_64-unknown-linux-gnu/5.3.0
Candidate multilib: .;@m64
Selected multilib: .;@m64
 "/usr/bin/ld" -export-dynamic --eh-frame-hdr -m elf_x86_64 -dynamic-linker /lib64/ld-linux-x86-64.so.2 -o cmTC_dacfa /usr/bin/../lib64/gcc/x86_64-unknown-linux-gnu/5.3.0/../../../../lib64/crt1.o /usr/bin/../lib64/gcc/x86_64-unknown-linux-gnu/5.3.0/../../../../lib64/crti.o /usr/bin/../lib64/gcc/x86_64-unknown-linux-gnu/5.3.0/crtbegin.o -L/usr/bin/../lib64/gcc/x86_64-unknown-linux-gnu/5.3.0 -L/usr/bin/../lib64/gcc/x86_64-unknown-linux-gnu/5.3.0/../../../../lib64 -L/usr/bin/../lib64 -L/lib/../lib64 -L/usr/lib/../lib64 -L/usr/bin/../lib64/gcc/x86_64-unknown-linux-gnu/5.3.0/../../.. -L/usr/bin/../lib -L/lib -L/usr/lib CMakeFiles/cmTC_dacfa.dir/CMakeCXXCompilerABI.cpp.o -lstdc++ -lm -lgcc_s -lgcc -lc -lgcc_s -lgcc /usr/bin/../lib64/gcc/x86_64-unknown-linux-gnu/5.3.0/crtend.o /usr/bin/../lib64/gcc/x86_64-unknown-linux-gnu/5.3.0/../../../../lib64/crtn.o
make[1]: Leaving directory '/home/chaomai/Documents/Codes/Current/GitHub/learning/linux/apue/socket/build/CMakeFiles/CMakeTmp'


Parsed CXX implicit link information from above output:
  link line regex: [^( *|.*[/\])(ld|([^/\]+-)?ld|collect2)[^/\]*( |$)]
  ignore line: [Change Dir: /home/chaomai/Documents/Codes/Current/GitHub/learning/linux/apue/socket/build/CMakeFiles/CMakeTmp]
  ignore line: []
  ignore line: [Run Build Command:"/usr/bin/make" "cmTC_dacfa/fast"]
  ignore line: [/usr/bin/make -f CMakeFiles/cmTC_dacfa.dir/build.make CMakeFiles/cmTC_dacfa.dir/build]
  ignore line: [make[1]: Entering directory '/home/chaomai/Documents/Codes/Current/GitHub/learning/linux/apue/socket/build/CMakeFiles/CMakeTmp']
  ignore line: [Building CXX object CMakeFiles/cmTC_dacfa.dir/CMakeCXXCompilerABI.cpp.o]
  ignore line: [/usr/bin/clang++      -o CMakeFiles/cmTC_dacfa.dir/CMakeCXXCompilerABI.cpp.o -c /usr/share/cmake-3.5/Modules/CMakeCXXCompilerABI.cpp]
  ignore line: [Linking CXX executable cmTC_dacfa]
  ignore line: [/usr/bin/cmake -E cmake_link_script CMakeFiles/cmTC_dacfa.dir/link.txt --verbose=1]
  ignore line: [/usr/bin/clang++       -v CMakeFiles/cmTC_dacfa.dir/CMakeCXXCompilerABI.cpp.o  -o cmTC_dacfa -rdynamic  ]
  ignore line: [clang version 3.7.1 (tags/RELEASE_371/final)]
  ignore line: [Target: x86_64-unknown-linux-gnu]
  ignore line: [Thread model: posix]
  ignore line: [Found candidate GCC installation: /usr/bin/../lib/gcc/x86_64-unknown-linux-gnu/5.3.0]
  ignore line: [Found candidate GCC installation: /usr/bin/../lib64/gcc/x86_64-unknown-linux-gnu/5.3.0]
  ignore line: [Found candidate GCC installation: /usr/lib/gcc/x86_64-unknown-linux-gnu/5.3.0]
  ignore line: [Found candidate GCC installation: /usr/lib64/gcc/x86_64-unknown-linux-gnu/5.3.0]
  ignore line: [Selected GCC installation: /usr/bin/../lib64/gcc/x86_64-unknown-linux-gnu/5.3.0]
  ignore line: [Candidate multilib: .]
  ignore line: [@m64]
  ignore line: [Selected multilib: .]
  ignore line: [@m64]
  link line: [ "/usr/bin/ld" -export-dynamic --eh-frame-hdr -m elf_x86_64 -dynamic-linker /lib64/ld-linux-x86-64.so.2 -o cmTC_dacfa /usr/bin/../lib64/gcc/x86_64-unknown-linux-gnu/5.3.0/../../../../lib64/crt1.o /usr/bin/../lib64/gcc/x86_64-unknown-linux-gnu/5.3.0/../../../../lib64/crti.o /usr/bin/../lib64/gcc/x86_64-unknown-linux-gnu/5.3.0/crtbegin.o -L/usr/bin/../lib64/gcc/x86_64-unknown-linux-gnu/5.3.0 -L/usr/bin/../lib64/gcc/x86_64-unknown-linux-gnu/5.3.0/../../../../lib64 -L/usr/bin/../lib64 -L/lib/../lib64 -L/usr/lib/../lib64 -L/usr/bin/../lib64/gcc/x86_64-unknown-linux-gnu/5.3.0/../../.. -L/usr/bin/../lib -L/lib -L/usr/lib CMakeFiles/cmTC_dacfa.dir/CMakeCXXCompilerABI.cpp.o -lstdc++ -lm -lgcc_s -lgcc -lc -lgcc_s -lgcc /usr/bin/../lib64/gcc/x86_64-unknown-linux-gnu/5.3.0/crtend.o /usr/bin/../lib64/gcc/x86_64-unknown-linux-gnu/5.3.0/../../../../lib64/crtn.o]
    arg [/usr/bin/ld] ==> ignore
    arg [-export-dynamic] ==> ignore
    arg [--eh-frame-hdr] ==> ignore
    arg [-m] ==> ignore
    arg [elf_x86_64] ==> ignore
    arg [-dynamic-linker] ==> ignore
    arg [/lib64/ld-linux-x86-64.so.2] ==> ignore
    arg [-o] ==> ignore
    arg [cmTC_dacfa] ==> ignore
    arg [/usr/bin/../lib64/gcc/x86_64-unknown-linux-gnu/5.3.0/../../../../lib64/crt1.o] ==> ignore
    arg [/usr/bin/../lib64/gcc/x86_64-unknown-linux-gnu/5.3.0/../../../../lib64/crti.o] ==> ignore
    arg [/usr/bin/../lib64/gcc/x86_64-unknown-linux-gnu/5.3.0/crtbegin.o] ==> ignore
    arg [-L/usr/bin/../lib64/gcc/x86_64-unknown-linux-gnu/5.3.0] ==> dir [/usr/bin/../lib64/gcc/x86_64-unknown-linux-gnu/5.3.0]
    arg [-L/usr/bin/../lib64/gcc/x86_64-unknown-linux-gnu/5.3.0/../../../../lib64] ==> dir [/usr/bin/../lib64/gcc/x86_64-unknown-linux-gnu/5.3.0/../../../../lib64]
    arg [-L/usr/bin/../lib64] ==> dir [/usr/bin/../lib64]
    arg [-L/lib/../lib64] ==> dir [/lib/../lib64]
    arg [-L/usr/lib/../lib64] ==> dir [/usr/lib/../lib64]
    arg [-L/usr/bin/../lib64/gcc/x86_64-unknown-linux-gnu/5.3.0/../../..] ==> dir [/usr/bin/../lib64/gcc/x86_64-unknown-linux-gnu/5.3.0/../../..]
    arg [-L/usr/bin/../lib] ==> dir [/usr/bin/../lib]
    arg [-L/lib] ==> dir [/lib]
    arg [-L/usr/lib] ==> dir [/usr/lib]
    arg [CMakeFiles/cmTC_dacfa.dir/CMakeCXXCompilerABI.cpp.o] ==> ignore
    arg [-lstdc++] ==> lib [stdc++]
    arg [-lm] ==> lib [m]
    arg [-lgcc_s] ==> lib [gcc_s]
    arg [-lgcc] ==> lib [gcc]
    arg [-lc] ==> lib [c]
    arg [-lgcc_s] ==> lib [gcc_s]
    arg [-lgcc] ==> lib [gcc]
    arg [/usr/bin/../lib64/gcc/x86_64-unknown-linux-gnu/5.3.0/crtend.o] ==> ignore
    arg [/usr/bin/../lib64/gcc/x86_64-unknown-linux-gnu/5.3.0/../../../../lib64/crtn.o] ==> ignore
  remove lib [gcc_s]
  remove lib [gcc]
  remove lib [gcc_s]
  remove lib [gcc]
  collapse library dir [/usr/bin/../lib64/gcc/x86_64-unknown-linux-gnu/5.3.0] ==> [/usr/lib64/gcc/x86_64-unknown-linux-gnu/5.3.0]
  collapse library dir [/usr/bin/../lib64/gcc/x86_64-unknown-linux-gnu/5.3.0/../../../../lib64] ==> [/usr/lib64]
  collapse library dir [/usr/bin/../lib64] ==> [/usr/lib64]
  collapse library dir [/lib/../lib64] ==> [/lib64]
  collapse library dir [/usr/lib/../lib64] ==> [/usr/lib64]
  collapse library dir [/usr/bin/../lib64/gcc/x86_64-unknown-linux-gnu/5.3.0/../../..] ==> [/usr/lib64]
  collapse library dir [/usr/bin/../lib] ==> [/usr/lib]
  collapse library dir [/lib] ==> [/lib]
  collapse library dir [/usr/lib] ==> [/usr/lib]
  implicit libs: [stdc++;m;c]
  implicit dirs: [/usr/lib64/gcc/x86_64-unknown-linux-gnu/5.3.0;/usr/lib64;/lib64;/usr/lib;/lib]
  implicit fwks: []




Detecting CXX [-std=c++14] compiler features compiled with the following output:
Change Dir: /home/chaomai/Documents/Codes/Current/GitHub/learning/linux/apue/socket/build/CMakeFiles/CMakeTmp

Run Build Command:"/usr/bin/make" "cmTC_25420/fast"
/usr/bin/make -f CMakeFiles/cmTC_25420.dir/build.make CMakeFiles/cmTC_25420.dir/build
make[1]: Entering directory '/home/chaomai/Documents/Codes/Current/GitHub/learning/linux/apue/socket/build/CMakeFiles/CMakeTmp'
Building CXX object CMakeFiles/cmTC_25420.dir/feature_tests.cxx.o
/usr/bin/clang++     -std=c++14 -o CMakeFiles/cmTC_25420.dir/feature_tests.cxx.o -c /home/chaomai/Documents/Codes/Current/GitHub/learning/linux/apue/socket/build/CMakeFiles/feature_tests.cxx
Linking CXX executable cmTC_25420
/usr/bin/cmake -E cmake_link_script CMakeFiles/cmTC_25420.dir/link.txt --verbose=1
/usr/bin/clang++        CMakeFiles/cmTC_25420.dir/feature_tests.cxx.o  -o cmTC_25420 -rdynamic 
make[1]: Leaving directory '/home/chaomai/Documents/Codes/Current/GitHub/learning/linux/apue/socket/build/CMakeFiles/CMakeTmp'


    Feature record: CXX_FEATURE:1cxx_aggregate_default_initializers
    Feature record: CXX_FEATURE:1cxx_alias_templates
    Feature record: CXX_FEATURE:1cxx_alignas
    Feature record: CXX_FEATURE:1cxx_alignof
    Feature record: CXX_FEATURE:1cxx_attributes
    Feature record: CXX_FEATURE:1cxx_attribute_deprecated
    Feature record: CXX_FEATURE:1cxx_auto_type
    Feature record: CXX_FEATURE:1cxx_binary_literals
    Feature record: CXX_FEATURE:1cxx_constexpr
    Feature record: CXX_FEATURE:1cxx_contextual_conversions
    Feature record: CXX_FEATURE:1cxx_decltype
    Feature record: CXX_FEATURE:1cxx_decltype_auto
    Feature record: CXX_FEATURE:1cxx_decltype_incomplete_return_types
    Feature record: CXX_FEATURE:1cxx_default_function_template_args
    Feature record: CXX_FEATURE:1cxx_defaulted_functions
    Feature record: CXX_FEATURE:1cxx_defaulted_move_initializers
    Feature record: CXX_FEATURE:1cxx_delegating_constructors
    Feature record: CXX_FEATURE:1cxx_deleted_functions
    Feature record: CXX_FEATURE:1cxx_digit_separators
    Feature record: CXX_FEATURE:1cxx_enum_forward_declarations
    Feature record: CXX_FEATURE:1cxx_explicit_conversions
    Feature record: CXX_FEATURE:1cxx_extended_friend_declarations
    Feature record: CXX_FEATURE:1cxx_extern_templates
    Feature record: CXX_FEATURE:1cxx_final
    Feature record: CXX_FEATURE:1cxx_func_identifier
    Feature record: CXX_FEATURE:1cxx_generalized_initializers
    Feature record: CXX_FEATURE:1cxx_generic_lambdas
    Feature record: CXX_FEATURE:1cxx_inheriting_constructors
    Feature record: CXX_FEATURE:1cxx_inline_namespaces
    Feature record: CXX_FEATURE:1cxx_lambdas
    Feature record: CXX_FEATURE:1cxx_lambda_init_captures
    Feature record: CXX_FEATURE:1cxx_local_type_template_args
    Feature record: CXX_FEATURE:1cxx_long_long_type
    Feature record: CXX_FEATURE:1cxx_noexcept
    Feature record: CXX_FEATURE:1cxx_nonstatic_member_init
    Feature record: CXX_FEATURE:1cxx_nullptr
    Feature record: CXX_FEATURE:1cxx_override
    Feature record: CXX_FEATURE:1cxx_range_for
    Feature record: CXX_FEATURE:1cxx_raw_string_literals
    Feature record: CXX_FEATURE:1cxx_reference_qualified_functions
    Feature record: CXX_FEATURE:1cxx_relaxed_constexpr
    Feature record: CXX_FEATURE:1cxx_return_type_deduction
    Feature record: CXX_FEATURE:1cxx_right_angle_brackets
    Feature record: CXX_FEATURE:1cxx_rvalue_references
    Feature record: CXX_FEATURE:1cxx_sizeof_member
    Feature record: CXX_FEATURE:1cxx_static_assert
    Feature record: CXX_FEATURE:1cxx_strong_enums
    Feature record: CXX_FEATURE:1cxx_template_template_parameters
    Feature record: CXX_FEATURE:1cxx_thread_local
    Feature record: CXX_FEATURE:1cxx_trailing_return_types
    Feature record: CXX_FEATURE:1cxx_unicode_literals
    Feature record: CXX_FEATURE:1cxx_uniform_initialization
    Feature record: CXX_FEATURE:1cxx_unrestricted_unions
    Feature record: CXX_FEATURE:1cxx_user_literals
    Feature record: CXX_FEATURE:1cxx_variable_templates
    Feature record: CXX_FEATURE:1cxx_variadic_macros
    Feature record: CXX_FEATURE:1cxx_variadic_templates


Detecting CXX [-std=c++11] compiler features compiled with the following output:
Change Dir: /home/chaomai/Documents/Codes/Current/GitHub/learning/linux/apue/socket/build/CMakeFiles/CMakeTmp

Run Build Command:"/usr/bin/make" "cmTC_879c6/fast"
/usr/bin/make -f CMakeFiles/cmTC_879c6.dir/build.make CMakeFiles/cmTC_879c6.dir/build
make[1]: Entering directory '/home/chaomai/Documents/Codes/Current/GitHub/learning/linux/apue/socket/build/CMakeFiles/CMakeTmp'
Building CXX object CMakeFiles/cmTC_879c6.dir/feature_tests.cxx.o
/usr/bin/clang++     -std=c++11 -o CMakeFiles/cmTC_879c6.dir/feature_tests.cxx.o -c /home/chaomai/Documents/Codes/Current/GitHub/learning/linux/apue/socket/build/CMakeFiles/feature_tests.cxx
Linking CXX executable cmTC_879c6
/usr/bin/cmake -E cmake_link_script CMakeFiles/cmTC_879c6.dir/link.txt --verbose=1
/usr/bin/clang++        CMakeFiles/cmTC_879c6.dir/feature_tests.cxx.o  -o cmTC_879c6 -rdynamic 
make[1]: Leaving directory '/home/chaomai/Documents/Codes/Current/GitHub/learning/linux/apue/socket/build/CMakeFiles/CMakeTmp'


    Feature record: CXX_FEATURE:0cxx_aggregate_default_initializers
    Feature record: CXX_FEATURE:1cxx_alias_templates
    Feature record: CXX_FEATURE:1cxx_alignas
    Feature record: CXX_FEATURE:1cxx_alignof
    Feature record: CXX_FEATURE:1cxx_attributes
    Feature record: CXX_FEATURE:0cxx_attribute_deprecated
    Feature record: CXX_FEATURE:1cxx_auto_type
    Feature record: CXX_FEATURE:0cxx_binary_literals
    Feature record: CXX_FEATURE:1cxx_constexpr
    Feature record: CXX_FEATURE:0cxx_contextual_conversions
    Feature record: CXX_FEATURE:1cxx_decltype
    Feature record: CXX_FEATURE:0cxx_decltype_auto
    Feature record: CXX_FEATURE:1cxx_decltype_incomplete_return_types
    Feature record: CXX_FEATURE:1cxx_default_function_template_args
    Feature record: CXX_FEATURE:1cxx_defaulted_functions
    Feature record: CXX_FEATURE:1cxx_defaulted_move_initializers
    Feature record: CXX_FEATURE:1cxx_delegating_constructors
    Feature record: CXX_FEATURE:1cxx_deleted_functions
    Feature record: CXX_FEATURE:0cxx_digit_separators
    Feature record: CXX_FEATURE:1cxx_enum_forward_declarations
    Feature record: CXX_FEATURE:1cxx_explicit_conversions
    Feature record: CXX_FEATURE:1cxx_extended_friend_declarations
    Feature record: CXX_FEATURE:1cxx_extern_templates
    Feature record: CXX_FEATURE:1cxx_final
    Feature record: CXX_FEATURE:1cxx_func_identifier
    Feature record: CXX_FEATURE:1cxx_generalized_initializers
    Feature record: CXX_FEATURE:0cxx_generic_lambdas
    Feature record: CXX_FEATURE:1cxx_inheriting_constructors
    Feature record: CXX_FEATURE:1cxx_inline_namespaces
    Feature record: CXX_FEATURE:1cxx_lambdas
    Feature record: CXX_FEATURE:0cxx_lambda_init_captures
    Feature record: CXX_FEATURE:1cxx_local_type_template_args
    Feature record: CXX_FEATURE:1cxx_long_long_type
    Feature record: CXX_FEATURE:1cxx_noexcept
    Feature record: CXX_FEATURE:1cxx_nonstatic_member_init
    Feature record: CXX_FEATURE:1cxx_nullptr
    Feature record: CXX_FEATURE:1cxx_override
    Feature record: CXX_FEATURE:1cxx_range_for
    Feature record: CXX_FEATURE:1cxx_raw_string_literals
    Feature record: CXX_FEATURE:1cxx_reference_qualified_functions
    Feature record: CXX_FEATURE:0cxx_relaxed_constexpr
    Feature record: CXX_FEATURE:0cxx_return_type_deduction
    Feature record: CXX_FEATURE:1cxx_right_angle_brackets
    Feature record: CXX_FEATURE:1cxx_rvalue_references
    Feature record: CXX_FEATURE:1cxx_sizeof_member
    Feature record: CXX_FEATURE:1cxx_static_assert
    Feature record: CXX_FEATURE:1cxx_strong_enums
    Feature record: CXX_FEATURE:1cxx_template_template_parameters
    Feature record: CXX_FEATURE:1cxx_thread_local
    Feature record: CXX_FEATURE:1cxx_trailing_return_types
    Feature record: CXX_FEATURE:1cxx_unicode_literals
    Feature record: CXX_FEATURE:1cxx_uniform_initialization
    Feature record: CXX_FEATURE:1cxx_unrestricted_unions
    Feature record: CXX_FEATURE:1cxx_user_literals
    Feature record: CXX_FEATURE:0cxx_variable_templates
    Feature record: CXX_FEATURE:1cxx_variadic_macros
    Feature record: CXX_FEATURE:1cxx_variadic_templates


Detecting CXX [-std=c++98] compiler features compiled with the following output:
Change Dir: /home/chaomai/Documents/Codes/Current/GitHub/learning/linux/apue/socket/build/CMakeFiles/CMakeTmp

Run Build Command:"/usr/bin/make" "cmTC_67396/fast"
/usr/bin/make -f CMakeFiles/cmTC_67396.dir/build.make CMakeFiles/cmTC_67396.dir/build
make[1]: Entering directory '/home/chaomai/Documents/Codes/Current/GitHub/learning/linux/apue/socket/build/CMakeFiles/CMakeTmp'
Building CXX object CMakeFiles/cmTC_67396.dir/feature_tests.cxx.o
/usr/bin/clang++     -std=c++98 -o CMakeFiles/cmTC_67396.dir/feature_tests.cxx.o -c /home/chaomai/Documents/Codes/Current/GitHub/learning/linux/apue/socket/build/CMakeFiles/feature_tests.cxx
Linking CXX executable cmTC_67396
/usr/bin/cmake -E cmake_link_script CMakeFiles/cmTC_67396.dir/link.txt --verbose=1
/usr/bin/clang++        CMakeFiles/cmTC_67396.dir/feature_tests.cxx.o  -o cmTC_67396 -rdynamic 
make[1]: Leaving directory '/home/chaomai/Documents/Codes/Current/GitHub/learning/linux/apue/socket/build/CMakeFiles/CMakeTmp'


    Feature record: CXX_FEATURE:0cxx_aggregate_default_initializers
    Feature record: CXX_FEATURE:0cxx_alias_templates
    Feature record: CXX_FEATURE:0cxx_alignas
    Feature record: CXX_FEATURE:0cxx_alignof
    Feature record: CXX_FEATURE:0cxx_attributes
    Feature record: CXX_FEATURE:0cxx_attribute_deprecated
    Feature record: CXX_FEATURE:0cxx_auto_type
    Feature record: CXX_FEATURE:0cxx_binary_literals
    Feature record: CXX_FEATURE:0cxx_constexpr
    Feature record: CXX_FEATURE:0cxx_contextual_conversions
    Feature record: CXX_FEATURE:0cxx_decltype
    Feature record: CXX_FEATURE:0cxx_decltype_auto
    Feature record: CXX_FEATURE:0cxx_decltype_incomplete_return_types
    Feature record: CXX_FEATURE:0cxx_default_function_template_args
    Feature record: CXX_FEATURE:0cxx_defaulted_functions
    Feature record: CXX_FEATURE:0cxx_defaulted_move_initializers
    Feature record: CXX_FEATURE:0cxx_delegating_constructors
    Feature record: CXX_FEATURE:0cxx_deleted_functions
    Feature record: CXX_FEATURE:0cxx_digit_separators
    Feature record: CXX_FEATURE:0cxx_enum_forward_declarations
    Feature record: CXX_FEATURE:0cxx_explicit_conversions
    Feature record: CXX_FEATURE:0cxx_extended_friend_declarations
    Feature record: CXX_FEATURE:0cxx_extern_templates
    Feature record: CXX_FEATURE:0cxx_final
    Feature record: CXX_FEATURE:0cxx_func_identifier
    Feature record: CXX_FEATURE:0cxx_generalized_initializers
    Feature record: CXX_FEATURE:0cxx_generic_lambdas
    Feature record: CXX_FEATURE:0cxx_inheriting_constructors
    Feature record: CXX_FEATURE:0cxx_inline_namespaces
    Feature record: CXX_FEATURE:0cxx_lambdas
    Feature record: CXX_FEATURE:0cxx_lambda_init_captures
    Feature record: CXX_FEATURE:0cxx_local_type_template_args
    Feature record: CXX_FEATURE:0cxx_long_long_type
    Feature record: CXX_FEATURE:0cxx_noexcept
    Feature record: CXX_FEATURE:0cxx_nonstatic_member_init
    Feature record: CXX_FEATURE:0cxx_nullptr
    Feature record: CXX_FEATURE:0cxx_override
    Feature record: CXX_FEATURE:0cxx_range_for
    Feature record: CXX_FEATURE:0cxx_raw_string_literals
    Feature record: CXX_FEATURE:0cxx_reference_qualified_functions
    Feature record: CXX_FEATURE:0cxx_relaxed_constexpr
    Feature record: CXX_FEATURE:0cxx_return_type_deduction
    Feature record: CXX_FEATURE:0cxx_right_angle_brackets
    Feature record: CXX_FEATURE:0cxx_rvalue_references
    Feature record: CXX_FEATURE:0cxx_sizeof_member
    Feature record: CXX_FEATURE:0cxx_static_assert
    Feature record: CXX_FEATURE:0cxx_strong_enums
    Feature record: CXX_FEATURE:1cxx_template_template_parameters
    Feature record: CXX_FEATURE:0cxx_thread_local
    Feature record: CXX_FEATURE:0cxx_trailing_return_types
    Feature record: CXX_FEATURE:0cxx_unicode_literals
    Feature record: CXX_FEATURE:0cxx_uniform_initialization
    Feature record: CXX_FEATURE:0cxx_unrestricted_unions
    Feature record: CXX_FEATURE:0cxx_user_literals
    Feature record: CXX_FEATURE:0cxx_variable_templates
    Feature record: CXX_FEATURE:0cxx_variadic_macros
    Feature record: CXX_FEATURE:0cxx_variadic_templates
The system is: Linux - 4.6.4-1-ARCH - x86_64
Compiling the C compiler identification source file "CMakeCCompilerId.c" succeeded.
Compiler: /usr/bin/clang 
Build flags: 
Id flags: 

The output was:
0


Compilation of the C compiler identification source "CMakeCCompilerId.c" produced "a.out"

The C compiler identification is Clang, found in "/home/chaomai/Documents/Codes/Current/GitHub/learning/linux/apue/socket/build/CMakeFiles/3.5.2/CompilerIdC/a.out"

Compiling the CXX compiler identification source file "CMakeCXXCompilerId.cpp" succeeded.
Compiler: /usr/bin/clang++ 
Build flags: 
Id flags: 

The output was:
0


Compilation of the CXX compiler identification source "CMakeCXXCompilerId.cpp" produced "a.out"

The CXX compiler identification is Clang, found in "/home/chaomai/Documents/Codes/Current/GitHub/learning/linux/apue/socket/build/CMakeFiles/3.5.2/CompilerIdCXX/a.out"

Determining if the C compiler works passed with the following output:
Change Dir: /home/chaomai/Documents/Codes/Current/GitHub/learning/linux/apue/socket/build/CMakeFiles/CMakeTmp

Run Build Command:"/usr/bin/make" "cmTC_70da4/fast"
/usr/bin/make -f CMakeFiles/cmTC_70da4.dir/build.make CMakeFiles/cmTC_70da4.dir/build
make[1]: Entering directory '/home/chaomai/Documents/Codes/Current/GitHub/learning/linux/apue/socket/build/CMakeFiles/CMakeTmp'
Building C object CMakeFiles/cmTC_70da4.dir/testCCompiler.c.o
/usr/bin/clang     -o CMakeFiles/cmTC_70da4.dir/testCCompiler.c.o   -c /home/chaomai/Documents/Codes/Current/GitHub/learning/linux/apue/socket/build/CMakeFiles/CMakeTmp/testCCompiler.c
Linking C executable cmTC_70da4
/usr/bin/cmake -E cmake_link_script CMakeFiles/cmTC_70da4.dir/link.txt --verbose=1
/usr/bin/clang       CMakeFiles/cmTC_70da4.dir/testCCompiler.c.o  -o cmTC_70da4 -rdynamic 
make[1]: Leaving directory '/home/chaomai/Documents/Codes/Current/GitHub/learning/linux/apue/socket/build/CMakeFiles/CMakeTmp'


Detecting C compiler ABI info compiled with the following output:
Change Dir: /home/chaomai/Documents/Codes/Current/GitHub/learning/linux/apue/socket/build/CMakeFiles/CMakeTmp

Run Build Command:"/usr/bin/make" "cmTC_f0d15/fast"
/usr/bin/make -f CMakeFiles/cmTC_f0d15.dir/build.make CMakeFiles/cmTC_f0d15.dir/build
make[1]: Entering directory '/home/chaomai/Documents/Codes/Current/GitHub/learning/linux/apue/socket/build/CMakeFiles/CMakeTmp'
Building C object CMakeFiles/cmTC_f0d15.dir/CMakeCCompilerABI.c.o
/usr/bin/clang     -o CMakeFiles/cmTC_f0d15.dir/CMakeCCompilerABI.c.o   -c /usr/share/cmake-3.5/Modules/CMakeCCompilerABI.c
Linking C executable cmTC_f0d15
/usr/bin/cmake -E cmake_link_script CMakeFiles/cmTC_f0d15.dir/link.txt --verbose=1
/usr/bin/clang      -v CMakeFiles/cmTC_f0d15.dir/CMakeCCompilerABI.c.o  -o cmTC_f0d15 -rdynamic  
clang version 3.8.0 (tags/RELEASE_380/final)
Target: x86_64-unknown-linux-gnu
Thread model: posix
InstalledDir: /usr/bin
Found candidate GCC installation: /usr/bin/../lib/gcc/x86_64-pc-linux-gnu/6.1.1
Found candidate GCC installation: /usr/bin/../lib64/gcc/x86_64-pc-linux-gnu/6.1.1
Found candidate GCC installation: /usr/lib/gcc/x86_64-pc-linux-gnu/6.1.1
Found candidate GCC installation: /usr/lib64/gcc/x86_64-pc-linux-gnu/6.1.1
Selected GCC installation: /usr/bin/../lib64/gcc/x86_64-pc-linux-gnu/6.1.1
Candidate multilib: .;@m64
Selected multilib: .;@m64
 "/usr/bin/ld" -export-dynamic --eh-frame-hdr -m elf_x86_64 -dynamic-linker /lib64/ld-linux-x86-64.so.2 -o cmTC_f0d15 /usr/bin/../lib64/gcc/x86_64-pc-linux-gnu/6.1.1/../../../../lib64/crt1.o /usr/bin/../lib64/gcc/x86_64-pc-linux-gnu/6.1.1/../../../../lib64/crti.o /usr/bin/../lib64/gcc/x86_64-pc-linux-gnu/6.1.1/crtbegin.o -L/usr/bin/../lib64/gcc/x86_64-pc-linux-gnu/6.1.1 -L/usr/bin/../lib64/gcc/x86_64-pc-linux-gnu/6.1.1/../../../../lib64 -L/usr/bin/../lib64 -L/lib/../lib64 -L/usr/lib/../lib64 -L/usr/bin/../lib64/gcc/x86_64-pc-linux-gnu/6.1.1/../../.. -L/usr/bin/../lib -L/lib -L/usr/lib CMakeFiles/cmTC_f0d15.dir/CMakeCCompilerABI.c.o -lgcc --as-needed -lgcc_s --no-as-needed -lc -lgcc --as-needed -lgcc_s --no-as-needed /usr/bin/../lib64/gcc/x86_64-pc-linux-gnu/6.1.1/crtend.o /usr/bin/../lib64/gcc/x86_64-pc-linux-gnu/6.1.1/../../../../lib64/crtn.o
make[1]: Leaving directory '/home/chaomai/Documents/Codes/Current/GitHub/learning/linux/apue/socket/build/CMakeFiles/CMakeTmp'


Parsed C implicit link information from above output:
  link line regex: [^( *|.*[/\])(ld|([^/\]+-)?ld|collect2)[^/\]*( |$)]
  ignore line: [Change Dir: /home/chaomai/Documents/Codes/Current/GitHub/learning/linux/apue/socket/build/CMakeFiles/CMakeTmp]
  ignore line: []
  ignore line: [Run Build Command:"/usr/bin/make" "cmTC_f0d15/fast"]
  ignore line: [/usr/bin/make -f CMakeFiles/cmTC_f0d15.dir/build.make CMakeFiles/cmTC_f0d15.dir/build]
  ignore line: [make[1]: Entering directory '/home/chaomai/Documents/Codes/Current/GitHub/learning/linux/apue/socket/build/CMakeFiles/CMakeTmp']
  ignore line: [Building C object CMakeFiles/cmTC_f0d15.dir/CMakeCCompilerABI.c.o]
  ignore line: [/usr/bin/clang     -o CMakeFiles/cmTC_f0d15.dir/CMakeCCompilerABI.c.o   -c /usr/share/cmake-3.5/Modules/CMakeCCompilerABI.c]
  ignore line: [Linking C executable cmTC_f0d15]
  ignore line: [/usr/bin/cmake -E cmake_link_script CMakeFiles/cmTC_f0d15.dir/link.txt --verbose=1]
  ignore line: [/usr/bin/clang      -v CMakeFiles/cmTC_f0d15.dir/CMakeCCompilerABI.c.o  -o cmTC_f0d15 -rdynamic  ]
  ignore line: [clang version 3.8.0 (tags/RELEASE_380/final)]
  ignore line: [Target: x86_64-unknown-linux-gnu]
  ignore line: [Thread model: posix]
  ignore line: [InstalledDir: /usr/bin]
  ignore line: [Found candidate GCC installation: /usr/bin/../lib/gcc/x86_64-pc-linux-gnu/6.1.1]
  ignore line: [Found candidate GCC installation: /usr/bin/../lib64/gcc/x86_64-pc-linux-gnu/6.1.1]
  ignore line: [Found candidate GCC installation: /usr/lib/gcc/x86_64-pc-linux-gnu/6.1.1]
  ignore line: [Found candidate GCC installation: /usr/lib64/gcc/x86_64-pc-linux-gnu/6.1.1]
  ignore line: [Selected GCC installation: /usr/bin/../lib64/gcc/x86_64-pc-linux-gnu/6.1.1]
  ignore line: [Candidate multilib: .]
  ignore line: [@m64]
  ignore line: [Selected multilib: .]
  ignore line: [@m64]
  link line: [ "/usr/bin/ld" -export-dynamic --eh-frame-hdr -m elf_x86_64 -dynamic-linker /lib64/ld-linux-x86-64.so.2 -o cmTC_f0d15 /usr/bin/../lib64/gcc/x86_64-pc-linux-gnu/6.1.1/../../../../lib64/crt1.o /usr/bin/../lib64/gcc/x86_64-pc-linux-gnu/6.1.1/../../../../lib64/crti.o /usr/bin/../lib64/gcc/x86_64-pc-linux-gnu/6.1.1/crtbegin.o -L/usr/bin/../lib64/gcc/x86_64-pc-linux-gnu/6.1.1 -L/usr/bin/../lib64/gcc/x86_64-pc-linux-gnu/6.1.1/../../../../lib64 -L/usr/bin/../lib64 -L/lib/../lib64 -L/usr/lib/../lib64 -L/usr/bin/../lib64/gcc/x86_64-pc-linux-gnu/6.1.1/../../.. -L/usr/bin/../lib -L/lib -L/usr/lib CMakeFiles/cmTC_f0d15.dir/CMakeCCompilerABI.c.o -lgcc --as-needed -lgcc_s --no-as-needed -lc -lgcc --as-needed -lgcc_s --no-as-needed /usr/bin/../lib64/gcc/x86_64-pc-linux-gnu/6.1.1/crtend.o /usr/bin/../lib64/gcc/x86_64-pc-linux-gnu/6.1.1/../../../../lib64/crtn.o]
    arg [/usr/bin/ld] ==> ignore
    arg [-export-dynamic] ==> ignore
    arg [--eh-frame-hdr] ==> ignore
    arg [-m] ==> ignore
    arg [elf_x86_64] ==> ignore
    arg [-dynamic-linker] ==> ignore
    arg [/lib64/ld-linux-x86-64.so.2] ==> ignore
    arg [-o] ==> ignore
    arg [cmTC_f0d15] ==> ignore
    arg [/usr/bin/../lib64/gcc/x86_64-pc-linux-gnu/6.1.1/../../../../lib64/crt1.o] ==> ignore
    arg [/usr/bin/../lib64/gcc/x86_64-pc-linux-gnu/6.1.1/../../../../lib64/crti.o] ==> ignore
    arg [/usr/bin/../lib64/gcc/x86_64-pc-linux-gnu/6.1.1/crtbegin.o] ==> ignore
    arg [-L/usr/bin/../lib64/gcc/x86_64-pc-linux-gnu/6.1.1] ==> dir [/usr/bin/../lib64/gcc/x86_64-pc-linux-gnu/6.1.1]
    arg [-L/usr/bin/../lib64/gcc/x86_64-pc-linux-gnu/6.1.1/../../../../lib64] ==> dir [/usr/bin/../lib64/gcc/x86_64-pc-linux-gnu/6.1.1/../../../../lib64]
    arg [-L/usr/bin/../lib64] ==> dir [/usr/bin/../lib64]
    arg [-L/lib/../lib64] ==> dir [/lib/../lib64]
    arg [-L/usr/lib/../lib64] ==> dir [/usr/lib/../lib64]
    arg [-L/usr/bin/../lib64/gcc/x86_64-pc-linux-gnu/6.1.1/../../..] ==> dir [/usr/bin/../lib64/gcc/x86_64-pc-linux-gnu/6.1.1/../../..]
    arg [-L/usr/bin/../lib] ==> dir [/usr/bin/../lib]
    arg [-L/lib] ==> dir [/lib]
    arg [-L/usr/lib] ==> dir [/usr/lib]
    arg [CMakeFiles/cmTC_f0d15.dir/CMakeCCompilerABI.c.o] ==> ignore
    arg [-lgcc] ==> lib [gcc]
    arg [--as-needed] ==> ignore
    arg [-lgcc_s] ==> lib [gcc_s]
    arg [--no-as-needed] ==> ignore
    arg [-lc] ==> lib [c]
    arg [-lgcc] ==> lib [gcc]
    arg [--as-needed] ==> ignore
    arg [-lgcc_s] ==> lib [gcc_s]
    arg [--no-as-needed] ==> ignore
    arg [/usr/bin/../lib64/gcc/x86_64-pc-linux-gnu/6.1.1/crtend.o] ==> ignore
    arg [/usr/bin/../lib64/gcc/x86_64-pc-linux-gnu/6.1.1/../../../../lib64/crtn.o] ==> ignore
  remove lib [gcc]
  remove lib [gcc_s]
  remove lib [gcc]
  remove lib [gcc_s]
  collapse library dir [/usr/bin/../lib64/gcc/x86_64-pc-linux-gnu/6.1.1] ==> [/usr/lib64/gcc/x86_64-pc-linux-gnu/6.1.1]
  collapse library dir [/usr/bin/../lib64/gcc/x86_64-pc-linux-gnu/6.1.1/../../../../lib64] ==> [/usr/lib64]
  collapse library dir [/usr/bin/../lib64] ==> [/usr/lib64]
  collapse library dir [/lib/../lib64] ==> [/lib64]
  collapse library dir [/usr/lib/../lib64] ==> [/usr/lib64]
  collapse library dir [/usr/bin/../lib64/gcc/x86_64-pc-linux-gnu/6.1.1/../../..] ==> [/usr/lib64]
  collapse library dir [/usr/bin/../lib] ==> [/usr/lib]
  collapse library dir [/lib] ==> [/lib]
  collapse library dir [/usr/lib] ==> [/usr/lib]
  implicit libs: [c]
  implicit dirs: [/usr/lib64/gcc/x86_64-pc-linux-gnu/6.1.1;/usr/lib64;/lib64;/usr/lib;/lib]
  implicit fwks: []




Detecting C [-std=c11] compiler features compiled with the following output:
Change Dir: /home/chaomai/Documents/Codes/Current/GitHub/learning/linux/apue/socket/build/CMakeFiles/CMakeTmp

Run Build Command:"/usr/bin/make" "cmTC_4f978/fast"
/usr/bin/make -f CMakeFiles/cmTC_4f978.dir/build.make CMakeFiles/cmTC_4f978.dir/build
make[1]: Entering directory '/home/chaomai/Documents/Codes/Current/GitHub/learning/linux/apue/socket/build/CMakeFiles/CMakeTmp'
Building C object CMakeFiles/cmTC_4f978.dir/feature_tests.c.o
/usr/bin/clang    -std=c11 -o CMakeFiles/cmTC_4f978.dir/feature_tests.c.o   -c /home/chaomai/Documents/Codes/Current/GitHub/learning/linux/apue/socket/build/CMakeFiles/feature_tests.c
Linking C executable cmTC_4f978
/usr/bin/cmake -E cmake_link_script CMakeFiles/cmTC_4f978.dir/link.txt --verbose=1
/usr/bin/clang       CMakeFiles/cmTC_4f978.dir/feature_tests.c.o  -o cmTC_4f978 -rdynamic 
make[1]: Leaving directory '/home/chaomai/Documents/Codes/Current/GitHub/learning/linux/apue/socket/build/CMakeFiles/CMakeTmp'


    Feature record: C_FEATURE:1c_function_prototypes
    Feature record: C_FEATURE:1c_restrict
    Feature record: C_FEATURE:1c_static_assert
    Feature record: C_FEATURE:1c_variadic_macros


Detecting C [-std=c99] compiler features compiled with the following output:
Change Dir: /home/chaomai/Documents/Codes/Current/GitHub/learning/linux/apue/socket/build/CMakeFiles/CMakeTmp

Run Build Command:"/usr/bin/make" "cmTC_7c398/fast"
/usr/bin/make -f CMakeFiles/cmTC_7c398.dir/build.make CMakeFiles/cmTC_7c398.dir/build
make[1]: Entering directory '/home/chaomai/Documents/Codes/Current/GitHub/learning/linux/apue/socket/build/CMakeFiles/CMakeTmp'
Building C object CMakeFiles/cmTC_7c398.dir/feature_tests.c.o
/usr/bin/clang    -std=c99 -o CMakeFiles/cmTC_7c398.dir/feature_tests.c.o   -c /home/chaomai/Documents/Codes/Current/GitHub/learning/linux/apue/socket/build/CMakeFiles/feature_tests.c
Linking C executable cmTC_7c398
/usr/bin/cmake -E cmake_link_script CMakeFiles/cmTC_7c398.dir/link.txt --verbose=1
/usr/bin/clang       CMakeFiles/cmTC_7c398.dir/feature_tests.c.o  -o cmTC_7c398 -rdynamic 
make[1]: Leaving directory '/home/chaomai/Documents/Codes/Current/GitHub/learning/linux/apue/socket/build/CMakeFiles/CMakeTmp'


    Feature record: C_FEATURE:1c_function_prototypes
    Feature record: C_FEATURE:1c_restrict
    Feature record: C_FEATURE:0c_static_assert
    Feature record: C_FEATURE:1c_variadic_macros


Detecting C [-std=c90] compiler features compiled with the following output:
Change Dir: /home/chaomai/Documents/Codes/Current/GitHub/learning/linux/apue/socket/build/CMakeFiles/CMakeTmp

Run Build Command:"/usr/bin/make" "cmTC_34d5d/fast"
/usr/bin/make -f CMakeFiles/cmTC_34d5d.dir/build.make CMakeFiles/cmTC_34d5d.dir/build
make[1]: Entering directory '/home/chaomai/Documents/Codes/Current/GitHub/learning/linux/apue/socket/build/CMakeFiles/CMakeTmp'
Building C object CMakeFiles/cmTC_34d5d.dir/feature_tests.c.o
/usr/bin/clang    -std=c90 -o CMakeFiles/cmTC_34d5d.dir/feature_tests.c.o   -c /home/chaomai/Documents/Codes/Current/GitHub/learning/linux/apue/socket/build/CMakeFiles/feature_tests.c
Linking C executable cmTC_34d5d
/usr/bin/cmake -E cmake_link_script CMakeFiles/cmTC_34d5d.dir/link.txt --verbose=1
/usr/bin/clang       CMakeFiles/cmTC_34d5d.dir/feature_tests.c.o  -o cmTC_34d5d -rdynamic 
make[1]: Leaving directory '/home/chaomai/Documents/Codes/Current/GitHub/learning/linux/apue/socket/build/CMakeFiles/CMakeTmp'


    Feature record: C_FEATURE:1c_function_prototypes
    Feature record: C_FEATURE:0c_restrict
    Feature record: C_FEATURE:0c_static_assert
    Feature record: C_FEATURE:0c_variadic_macros
Determining if the CXX compiler works passed with the following output:
Change Dir: /home/chaomai/Documents/Codes/Current/GitHub/learning/linux/apue/socket/build/CMakeFiles/CMakeTmp

Run Build Command:"/usr/bin/make" "cmTC_c6f4e/fast"
/usr/bin/make -f CMakeFiles/cmTC_c6f4e.dir/build.make CMakeFiles/cmTC_c6f4e.dir/build
make[1]: Entering directory '/home/chaomai/Documents/Codes/Current/GitHub/learning/linux/apue/socket/build/CMakeFiles/CMakeTmp'
Building CXX object CMakeFiles/cmTC_c6f4e.dir/testCXXCompiler.cxx.o
/usr/bin/clang++      -o CMakeFiles/cmTC_c6f4e.dir/testCXXCompiler.cxx.o -c /home/chaomai/Documents/Codes/Current/GitHub/learning/linux/apue/socket/build/CMakeFiles/CMakeTmp/testCXXCompiler.cxx
Linking CXX executable cmTC_c6f4e
/usr/bin/cmake -E cmake_link_script CMakeFiles/cmTC_c6f4e.dir/link.txt --verbose=1
/usr/bin/clang++        CMakeFiles/cmTC_c6f4e.dir/testCXXCompiler.cxx.o  -o cmTC_c6f4e -rdynamic 
make[1]: Leaving directory '/home/chaomai/Documents/Codes/Current/GitHub/learning/linux/apue/socket/build/CMakeFiles/CMakeTmp'


Detecting CXX compiler ABI info compiled with the following output:
Change Dir: /home/chaomai/Documents/Codes/Current/GitHub/learning/linux/apue/socket/build/CMakeFiles/CMakeTmp

Run Build Command:"/usr/bin/make" "cmTC_2216e/fast"
/usr/bin/make -f CMakeFiles/cmTC_2216e.dir/build.make CMakeFiles/cmTC_2216e.dir/build
make[1]: Entering directory '/home/chaomai/Documents/Codes/Current/GitHub/learning/linux/apue/socket/build/CMakeFiles/CMakeTmp'
Building CXX object CMakeFiles/cmTC_2216e.dir/CMakeCXXCompilerABI.cpp.o
/usr/bin/clang++      -o CMakeFiles/cmTC_2216e.dir/CMakeCXXCompilerABI.cpp.o -c /usr/share/cmake-3.5/Modules/CMakeCXXCompilerABI.cpp
Linking CXX executable cmTC_2216e
/usr/bin/cmake -E cmake_link_script CMakeFiles/cmTC_2216e.dir/link.txt --verbose=1
/usr/bin/clang++       -v CMakeFiles/cmTC_2216e.dir/CMakeCXXCompilerABI.cpp.o  -o cmTC_2216e -rdynamic  
clang version 3.8.0 (tags/RELEASE_380/final)
Target: x86_64-unknown-linux-gnu
Thread model: posix
InstalledDir: /usr/bin
Found candidate GCC installation: /usr/bin/../lib/gcc/x86_64-pc-linux-gnu/6.1.1
Found candidate GCC installation: /usr/bin/../lib64/gcc/x86_64-pc-linux-gnu/6.1.1
Found candidate GCC installation: /usr/lib/gcc/x86_64-pc-linux-gnu/6.1.1
Found candidate GCC installation: /usr/lib64/gcc/x86_64-pc-linux-gnu/6.1.1
Selected GCC installation: /usr/bin/../lib64/gcc/x86_64-pc-linux-gnu/6.1.1
Candidate multilib: .;@m64
Selected multilib: .;@m64
 "/usr/bin/ld" -export-dynamic --eh-frame-hdr -m elf_x86_64 -dynamic-linker /lib64/ld-linux-x86-64.so.2 -o cmTC_2216e /usr/bin/../lib64/gcc/x86_64-pc-linux-gnu/6.1.1/../../../../lib64/crt1.o /usr/bin/../lib64/gcc/x86_64-pc-linux-gnu/6.1.1/../../../../lib64/crti.o /usr/bin/../lib64/gcc/x86_64-pc-linux-gnu/6.1.1/crtbegin.o -L/usr/bin/../lib64/gcc/x86_64-pc-linux-gnu/6.1.1 -L/usr/bin/../lib64/gcc/x86_64-pc-linux-gnu/6.1.1/../../../../lib64 -L/usr/bin/../lib64 -L/lib/../lib64 -L/usr/lib/../lib64 -L/usr/bin/../lib64/gcc/x86_64-pc-linux-gnu/6.1.1/../../.. -L/usr/bin/../lib -L/lib -L/usr/lib CMakeFiles/cmTC_2216e.dir/CMakeCXXCompilerABI.cpp.o -lstdc++ -lm -lgcc_s -lgcc -lc -lgcc_s -lgcc /usr/bin/../lib64/gcc/x86_64-pc-linux-gnu/6.1.1/crtend.o /usr/bin/../lib64/gcc/x86_64-pc-linux-gnu/6.1.1/../../../../lib64/crtn.o
make[1]: Leaving directory '/home/chaomai/Documents/Codes/Current/GitHub/learning/linux/apue/socket/build/CMakeFiles/CMakeTmp'


Parsed CXX implicit link information from above output:
  link line regex: [^( *|.*[/\])(ld|([^/\]+-)?ld|collect2)[^/\]*( |$)]
  ignore line: [Change Dir: /home/chaomai/Documents/Codes/Current/GitHub/learning/linux/apue/socket/build/CMakeFiles/CMakeTmp]
  ignore line: []
  ignore line: [Run Build Command:"/usr/bin/make" "cmTC_2216e/fast"]
  ignore line: [/usr/bin/make -f CMakeFiles/cmTC_2216e.dir/build.make CMakeFiles/cmTC_2216e.dir/build]
  ignore line: [make[1]: Entering directory '/home/chaomai/Documents/Codes/Current/GitHub/learning/linux/apue/socket/build/CMakeFiles/CMakeTmp']
  ignore line: [Building CXX object CMakeFiles/cmTC_2216e.dir/CMakeCXXCompilerABI.cpp.o]
  ignore line: [/usr/bin/clang++      -o CMakeFiles/cmTC_2216e.dir/CMakeCXXCompilerABI.cpp.o -c /usr/share/cmake-3.5/Modules/CMakeCXXCompilerABI.cpp]
  ignore line: [Linking CXX executable cmTC_2216e]
  ignore line: [/usr/bin/cmake -E cmake_link_script CMakeFiles/cmTC_2216e.dir/link.txt --verbose=1]
  ignore line: [/usr/bin/clang++       -v CMakeFiles/cmTC_2216e.dir/CMakeCXXCompilerABI.cpp.o  -o cmTC_2216e -rdynamic  ]
  ignore line: [clang version 3.8.0 (tags/RELEASE_380/final)]
  ignore line: [Target: x86_64-unknown-linux-gnu]
  ignore line: [Thread model: posix]
  ignore line: [InstalledDir: /usr/bin]
  ignore line: [Found candidate GCC installation: /usr/bin/../lib/gcc/x86_64-pc-linux-gnu/6.1.1]
  ignore line: [Found candidate GCC installation: /usr/bin/../lib64/gcc/x86_64-pc-linux-gnu/6.1.1]
  ignore line: [Found candidate GCC installation: /usr/lib/gcc/x86_64-pc-linux-gnu/6.1.1]
  ignore line: [Found candidate GCC installation: /usr/lib64/gcc/x86_64-pc-linux-gnu/6.1.1]
  ignore line: [Selected GCC installation: /usr/bin/../lib64/gcc/x86_64-pc-linux-gnu/6.1.1]
  ignore line: [Candidate multilib: .]
  ignore line: [@m64]
  ignore line: [Selected multilib: .]
  ignore line: [@m64]
  link line: [ "/usr/bin/ld" -export-dynamic --eh-frame-hdr -m elf_x86_64 -dynamic-linker /lib64/ld-linux-x86-64.so.2 -o cmTC_2216e /usr/bin/../lib64/gcc/x86_64-pc-linux-gnu/6.1.1/../../../../lib64/crt1.o /usr/bin/../lib64/gcc/x86_64-pc-linux-gnu/6.1.1/../../../../lib64/crti.o /usr/bin/../lib64/gcc/x86_64-pc-linux-gnu/6.1.1/crtbegin.o -L/usr/bin/../lib64/gcc/x86_64-pc-linux-gnu/6.1.1 -L/usr/bin/../lib64/gcc/x86_64-pc-linux-gnu/6.1.1/../../../../lib64 -L/usr/bin/../lib64 -L/lib/../lib64 -L/usr/lib/../lib64 -L/usr/bin/../lib64/gcc/x86_64-pc-linux-gnu/6.1.1/../../.. -L/usr/bin/../lib -L/lib -L/usr/lib CMakeFiles/cmTC_2216e.dir/CMakeCXXCompilerABI.cpp.o -lstdc++ -lm -lgcc_s -lgcc -lc -lgcc_s -lgcc /usr/bin/../lib64/gcc/x86_64-pc-linux-gnu/6.1.1/crtend.o /usr/bin/../lib64/gcc/x86_64-pc-linux-gnu/6.1.1/../../../../lib64/crtn.o]
    arg [/usr/bin/ld] ==> ignore
    arg [-export-dynamic] ==> ignore
    arg [--eh-frame-hdr] ==> ignore
    arg [-m] ==> ignore
    arg [elf_x86_64] ==> ignore
    arg [-dynamic-linker] ==> ignore
    arg [/lib64/ld-linux-x86-64.so.2] ==> ignore
    arg [-o] ==> ignore
    arg [cmTC_2216e] ==> ignore
    arg [/usr/bin/../lib64/gcc/x86_64-pc-linux-gnu/6.1.1/../../../../lib64/crt1.o] ==> ignore
    arg [/usr/bin/../lib64/gcc/x86_64-pc-linux-gnu/6.1.1/../../../../lib64/crti.o] ==> ignore
    arg [/usr/bin/../lib64/gcc/x86_64-pc-linux-gnu/6.1.1/crtbegin.o] ==> ignore
    arg [-L/usr/bin/../lib64/gcc/x86_64-pc-linux-gnu/6.1.1] ==> dir [/usr/bin/../lib64/gcc/x86_64-pc-linux-gnu/6.1.1]
    arg [-L/usr/bin/../lib64/gcc/x86_64-pc-linux-gnu/6.1.1/../../../../lib64] ==> dir [/usr/bin/../lib64/gcc/x86_64-pc-linux-gnu/6.1.1/../../../../lib64]
    arg [-L/usr/bin/../lib64] ==> dir [/usr/bin/../lib64]
    arg [-L/lib/../lib64] ==> dir [/lib/../lib64]
    arg [-L/usr/lib/../lib64] ==> dir [/usr/lib/../lib64]
    arg [-L/usr/bin/../lib64/gcc/x86_64-pc-linux-gnu/6.1.1/../../..] ==> dir [/usr/bin/../lib64/gcc/x86_64-pc-linux-gnu/6.1.1/../../..]
    arg [-L/usr/bin/../lib] ==> dir [/usr/bin/../lib]
    arg [-L/lib] ==> dir [/lib]
    arg [-L/usr/lib] ==> dir [/usr/lib]
    arg [CMakeFiles/cmTC_2216e.dir/CMakeCXXCompilerABI.cpp.o] ==> ignore
    arg [-lstdc++] ==> lib [stdc++]
    arg [-lm] ==> lib [m]
    arg [-lgcc_s] ==> lib [gcc_s]
    arg [-lgcc] ==> lib [gcc]
    arg [-lc] ==> lib [c]
    arg [-lgcc_s] ==> lib [gcc_s]
    arg [-lgcc] ==> lib [gcc]
    arg [/usr/bin/../lib64/gcc/x86_64-pc-linux-gnu/6.1.1/crtend.o] ==> ignore
    arg [/usr/bin/../lib64/gcc/x86_64-pc-linux-gnu/6.1.1/../../../../lib64/crtn.o] ==> ignore
  remove lib [gcc_s]
  remove lib [gcc]
  remove lib [gcc_s]
  remove lib [gcc]
  collapse library dir [/usr/bin/../lib64/gcc/x86_64-pc-linux-gnu/6.1.1] ==> [/usr/lib64/gcc/x86_64-pc-linux-gnu/6.1.1]
  collapse library dir [/usr/bin/../lib64/gcc/x86_64-pc-linux-gnu/6.1.1/../../../../lib64] ==> [/usr/lib64]
  collapse library dir [/usr/bin/../lib64] ==> [/usr/lib64]
  collapse library dir [/lib/../lib64] ==> [/lib64]
  collapse library dir [/usr/lib/../lib64] ==> [/usr/lib64]
  collapse library dir [/usr/bin/../lib64/gcc/x86_64-pc-linux-gnu/6.1.1/../../..] ==> [/usr/lib64]
  collapse library dir [/usr/bin/../lib] ==> [/usr/lib]
  collapse library dir [/lib] ==> [/lib]
  collapse library dir [/usr/lib] ==> [/usr/lib]
  implicit libs: [stdc++;m;c]
  implicit dirs: [/usr/lib64/gcc/x86_64-pc-linux-gnu/6.1.1;/usr/lib64;/lib64;/usr/lib;/lib]
  implicit fwks: []




Detecting CXX [-std=c++14] compiler features compiled with the following output:
Change Dir: /home/chaomai/Documents/Codes/Current/GitHub/learning/linux/apue/socket/build/CMakeFiles/CMakeTmp

Run Build Command:"/usr/bin/make" "cmTC_38351/fast"
/usr/bin/make -f CMakeFiles/cmTC_38351.dir/build.make CMakeFiles/cmTC_38351.dir/build
make[1]: Entering directory '/home/chaomai/Documents/Codes/Current/GitHub/learning/linux/apue/socket/build/CMakeFiles/CMakeTmp'
Building CXX object CMakeFiles/cmTC_38351.dir/feature_tests.cxx.o
/usr/bin/clang++     -std=c++14 -o CMakeFiles/cmTC_38351.dir/feature_tests.cxx.o -c /home/chaomai/Documents/Codes/Current/GitHub/learning/linux/apue/socket/build/CMakeFiles/feature_tests.cxx
Linking CXX executable cmTC_38351
/usr/bin/cmake -E cmake_link_script CMakeFiles/cmTC_38351.dir/link.txt --verbose=1
/usr/bin/clang++        CMakeFiles/cmTC_38351.dir/feature_tests.cxx.o  -o cmTC_38351 -rdynamic 
make[1]: Leaving directory '/home/chaomai/Documents/Codes/Current/GitHub/learning/linux/apue/socket/build/CMakeFiles/CMakeTmp'


    Feature record: CXX_FEATURE:1cxx_aggregate_default_initializers
    Feature record: CXX_FEATURE:1cxx_alias_templates
    Feature record: CXX_FEATURE:1cxx_alignas
    Feature record: CXX_FEATURE:1cxx_alignof
    Feature record: CXX_FEATURE:1cxx_attributes
    Feature record: CXX_FEATURE:1cxx_attribute_deprecated
    Feature record: CXX_FEATURE:1cxx_auto_type
    Feature record: CXX_FEATURE:1cxx_binary_literals
    Feature record: CXX_FEATURE:1cxx_constexpr
    Feature record: CXX_FEATURE:1cxx_contextual_conversions
    Feature record: CXX_FEATURE:1cxx_decltype
    Feature record: CXX_FEATURE:1cxx_decltype_auto
    Feature record: CXX_FEATURE:1cxx_decltype_incomplete_return_types
    Feature record: CXX_FEATURE:1cxx_default_function_template_args
    Feature record: CXX_FEATURE:1cxx_defaulted_functions
    Feature record: CXX_FEATURE:1cxx_defaulted_move_initializers
    Feature record: CXX_FEATURE:1cxx_delegating_constructors
    Feature record: CXX_FEATURE:1cxx_deleted_functions
    Feature record: CXX_FEATURE:1cxx_digit_separators
    Feature record: CXX_FEATURE:1cxx_enum_forward_declarations
    Feature record: CXX_FEATURE:1cxx_explicit_conversions
    Feature record: CXX_FEATURE:1cxx_extended_friend_declarations
    Feature record: CXX_FEATURE:1cxx_extern_templates
    Feature record: CXX_FEATURE:1cxx_final
    Feature record: CXX_FEATURE:1cxx_func_identifier
    Feature record: CXX_FEATURE:1cxx_generalized_initializers
    Feature record: CXX_FEATURE:1cxx_generic_lambdas
    Feature record: CXX_FEATURE:1cxx_inheriting_constructors
    Feature record: CXX_FEATURE:1cxx_inline_namespaces
    Feature record: CXX_FEATURE:1cxx_lambdas
    Feature record: CXX_FEATURE:1cxx_lambda_init_captures
    Feature record: CXX_FEATURE:1cxx_local_type_template_args
    Feature record: CXX_FEATURE:1cxx_long_long_type
    Feature record: CXX_FEATURE:1cxx_noexcept
    Feature record: CXX_FEATURE:1cxx_nonstatic_member_init
    Feature record: CXX_FEATURE:1cxx_nullptr
    Feature record: CXX_FEATURE:1cxx_override
    Feature record: CXX_FEATURE:1cxx_range_for
    Feature record: CXX_FEATURE:1cxx_raw_string_literals
    Feature record: CXX_FEATURE:1cxx_reference_qualified_functions
    Feature record: CXX_FEATURE:1cxx_relaxed_constexpr
    Feature record: CXX_FEATURE:1cxx_return_type_deduction
    Feature record: CXX_FEATURE:1cxx_right_angle_brackets
    Feature record: CXX_FEATURE:1cxx_rvalue_references
    Feature record: CXX_FEATURE:1cxx_sizeof_member
    Feature record: CXX_FEATURE:1cxx_static_assert
    Feature record: CXX_FEATURE:1cxx_strong_enums
    Feature record: CXX_FEATURE:1cxx_template_template_parameters
    Feature record: CXX_FEATURE:1cxx_thread_local
    Feature record: CXX_FEATURE:1cxx_trailing_return_types
    Feature record: CXX_FEATURE:1cxx_unicode_literals
    Feature record: CXX_FEATURE:1cxx_uniform_initialization
    Feature record: CXX_FEATURE:1cxx_unrestricted_unions
    Feature record: CXX_FEATURE:1cxx_user_literals
    Feature record: CXX_FEATURE:1cxx_variable_templates
    Feature record: CXX_FEATURE:1cxx_variadic_macros
    Feature record: CXX_FEATURE:1cxx_variadic_templates


Detecting CXX [-std=c++11] compiler features compiled with the following output:
Change Dir: /home/chaomai/Documents/Codes/Current/GitHub/learning/linux/apue/socket/build/CMakeFiles/CMakeTmp

Run Build Command:"/usr/bin/make" "cmTC_2db35/fast"
/usr/bin/make -f CMakeFiles/cmTC_2db35.dir/build.make CMakeFiles/cmTC_2db35.dir/build
make[1]: Entering directory '/home/chaomai/Documents/Codes/Current/GitHub/learning/linux/apue/socket/build/CMakeFiles/CMakeTmp'
Building CXX object CMakeFiles/cmTC_2db35.dir/feature_tests.cxx.o
/usr/bin/clang++     -std=c++11 -o CMakeFiles/cmTC_2db35.dir/feature_tests.cxx.o -c /home/chaomai/Documents/Codes/Current/GitHub/learning/linux/apue/socket/build/CMakeFiles/feature_tests.cxx
Linking CXX executable cmTC_2db35
/usr/bin/cmake -E cmake_link_script CMakeFiles/cmTC_2db35.dir/link.txt --verbose=1
/usr/bin/clang++        CMakeFiles/cmTC_2db35.dir/feature_tests.cxx.o  -o cmTC_2db35 -rdynamic 
make[1]: Leaving directory '/home/chaomai/Documents/Codes/Current/GitHub/learning/linux/apue/socket/build/CMakeFiles/CMakeTmp'


    Feature record: CXX_FEATURE:0cxx_aggregate_default_initializers
    Feature record: CXX_FEATURE:1cxx_alias_templates
    Feature record: CXX_FEATURE:1cxx_alignas
    Feature record: CXX_FEATURE:1cxx_alignof
    Feature record: CXX_FEATURE:1cxx_attributes
    Feature record: CXX_FEATURE:0cxx_attribute_deprecated
    Feature record: CXX_FEATURE:1cxx_auto_type
    Feature record: CXX_FEATURE:0cxx_binary_literals
    Feature record: CXX_FEATURE:1cxx_constexpr
    Feature record: CXX_FEATURE:0cxx_contextual_conversions
    Feature record: CXX_FEATURE:1cxx_decltype
    Feature record: CXX_FEATURE:0cxx_decltype_auto
    Feature record: CXX_FEATURE:1cxx_decltype_incomplete_return_types
    Feature record: CXX_FEATURE:1cxx_default_function_template_args
    Feature record: CXX_FEATURE:1cxx_defaulted_functions
    Feature record: CXX_FEATURE:1cxx_defaulted_move_initializers
    Feature record: CXX_FEATURE:1cxx_delegating_constructors
    Feature record: CXX_FEATURE:1cxx_deleted_functions
    Feature record: CXX_FEATURE:0cxx_digit_separators
    Feature record: CXX_FEATURE:1cxx_enum_forward_declarations
    Feature record: CXX_FEATURE:1cxx_explicit_conversions
    Feature record: CXX_FEATURE:1cxx_extended_friend_declarations
    Feature record: CXX_FEATURE:1cxx_extern_templates
    Feature record: CXX_FEATURE:1cxx_final
    Feature record: CXX_FEATURE:1cxx_func_identifier
    Feature record: CXX_FEATURE:1cxx_generalized_initializers
    Feature record: CXX_FEATURE:0cxx_generic_lambdas
    Feature record: CXX_FEATURE:1cxx_inheriting_constructors
    Feature record: CXX_FEATURE:1cxx_inline_namespaces
    Feature record: CXX_FEATURE:1cxx_lambdas
    Feature record: CXX_FEATURE:0cxx_lambda_init_captures
    Feature record: CXX_FEATURE:1cxx_local_type_template_args
    Feature record: CXX_FEATURE:1cxx_long_long_type
    Feature record: CXX_FEATURE:1cxx_noexcept
    Feature record: CXX_FEATURE:1cxx_nonstatic_member_init
    Feature record: CXX_FEATURE:1cxx_nullptr
    Feature record: CXX_FEATURE:1cxx_override
    Feature record: CXX_FEATURE:1cxx_range_for
    Feature record: CXX_FEATURE:1cxx_raw_string_literals
    Feature record: CXX_FEATURE:1cxx_reference_qualified_functions
    Feature record: CXX_FEATURE:0cxx_relaxed_constexpr
    Feature record: CXX_FEATURE:0cxx_return_type_deduction
    Feature record: CXX_FEATURE:1cxx_right_angle_brackets
    Feature record: CXX_FEATURE:1cxx_rvalue_references
    Feature record: CXX_FEATURE:1cxx_sizeof_member
    Feature record: CXX_FEATURE:1cxx_static_assert
    Feature record: CXX_FEATURE:1cxx_strong_enums
    Feature record: CXX_FEATURE:1cxx_template_template_parameters
    Feature record: CXX_FEATURE:1cxx_thread_local
    Feature record: CXX_FEATURE:1cxx_trailing_return_types
    Feature record: CXX_FEATURE:1cxx_unicode_literals
    Feature record: CXX_FEATURE:1cxx_uniform_initialization
    Feature record: CXX_FEATURE:1cxx_unrestricted_unions
    Feature record: CXX_FEATURE:1cxx_user_literals
    Feature record: CXX_FEATURE:0cxx_variable_templates
    Feature record: CXX_FEATURE:1cxx_variadic_macros
    Feature record: CXX_FEATURE:1cxx_variadic_templates


Detecting CXX [-std=c++98] compiler features compiled with the following output:
Change Dir: /home/chaomai/Documents/Codes/Current/GitHub/learning/linux/apue/socket/build/CMakeFiles/CMakeTmp

Run Build Command:"/usr/bin/make" "cmTC_c0b78/fast"
/usr/bin/make -f CMakeFiles/cmTC_c0b78.dir/build.make CMakeFiles/cmTC_c0b78.dir/build
make[1]: Entering directory '/home/chaomai/Documents/Codes/Current/GitHub/learning/linux/apue/socket/build/CMakeFiles/CMakeTmp'
Building CXX object CMakeFiles/cmTC_c0b78.dir/feature_tests.cxx.o
/usr/bin/clang++     -std=c++98 -o CMakeFiles/cmTC_c0b78.dir/feature_tests.cxx.o -c /home/chaomai/Documents/Codes/Current/GitHub/learning/linux/apue/socket/build/CMakeFiles/feature_tests.cxx
Linking CXX executable cmTC_c0b78
/usr/bin/cmake -E cmake_link_script CMakeFiles/cmTC_c0b78.dir/link.txt --verbose=1
/usr/bin/clang++        CMakeFiles/cmTC_c0b78.dir/feature_tests.cxx.o  -o cmTC_c0b78 -rdynamic 
make[1]: Leaving directory '/home/chaomai/Documents/Codes/Current/GitHub/learning/linux/apue/socket/build/CMakeFiles/CMakeTmp'


    Feature record: CXX_FEATURE:0cxx_aggregate_default_initializers
    Feature record: CXX_FEATURE:0cxx_alias_templates
    Feature record: CXX_FEATURE:0cxx_alignas
    Feature record: CXX_FEATURE:0cxx_alignof
    Feature record: CXX_FEATURE:0cxx_attributes
    Feature record: CXX_FEATURE:0cxx_attribute_deprecated
    Feature record: CXX_FEATURE:0cxx_auto_type
    Feature record: CXX_FEATURE:0cxx_binary_literals
    Feature record: CXX_FEATURE:0cxx_constexpr
    Feature record: CXX_FEATURE:0cxx_contextual_conversions
    Feature record: CXX_FEATURE:0cxx_decltype
    Feature record: CXX_FEATURE:0cxx_decltype_auto
    Feature record: CXX_FEATURE:0cxx_decltype_incomplete_return_types
    Feature record: CXX_FEATURE:0cxx_default_function_template_args
    Feature record: CXX_FEATURE:0cxx_defaulted_functions
    Feature record: CXX_FEATURE:0cxx_defaulted_move_initializers
    Feature record: CXX_FEATURE:0cxx_delegating_constructors
    Feature record: CXX_FEATURE:0cxx_deleted_functions
    Feature record: CXX_FEATURE:0cxx_digit_separators
    Feature record: CXX_FEATURE:0cxx_enum_forward_declarations
    Feature record: CXX_FEATURE:0cxx_explicit_conversions
    Feature record: CXX_FEATURE:0cxx_extended_friend_declarations
    Feature record: CXX_FEATURE:0cxx_extern_templates
    Feature record: CXX_FEATURE:0cxx_final
    Feature record: CXX_FEATURE:0cxx_func_identifier
    Feature record: CXX_FEATURE:0cxx_generalized_initializers
    Feature record: CXX_FEATURE:0cxx_generic_lambdas
    Feature record: CXX_FEATURE:0cxx_inheriting_constructors
    Feature record: CXX_FEATURE:0cxx_inline_namespaces
    Feature record: CXX_FEATURE:0cxx_lambdas
    Feature record: CXX_FEATURE:0cxx_lambda_init_captures
    Feature record: CXX_FEATURE:0cxx_local_type_template_args
    Feature record: CXX_FEATURE:0cxx_long_long_type
    Feature record: CXX_FEATURE:0cxx_noexcept
    Feature record: CXX_FEATURE:0cxx_nonstatic_member_init
    Feature record: CXX_FEATURE:0cxx_nullptr
    Feature record: CXX_FEATURE:0cxx_override
    Feature record: CXX_FEATURE:0cxx_range_for
    Feature record: CXX_FEATURE:0cxx_raw_string_literals
    Feature record: CXX_FEATURE:0cxx_reference_qualified_functions
    Feature record: CXX_FEATURE:0cxx_relaxed_constexpr
    Feature record: CXX_FEATURE:0cxx_return_type_deduction
    Feature record: CXX_FEATURE:0cxx_right_angle_brackets
    Feature record: CXX_FEATURE:0cxx_rvalue_references
    Feature record: CXX_FEATURE:0cxx_sizeof_member
    Feature record: CXX_FEATURE:0cxx_static_assert
    Feature record: CXX_FEATURE:0cxx_strong_enums
    Feature record: CXX_FEATURE:1cxx_template_template_parameters
    Feature record: CXX_FEATURE:0cxx_thread_local
    Feature record: CXX_FEATURE:0cxx_trailing_return_types
    Feature record: CXX_FEATURE:0cxx_unicode_literals
    Feature record: CXX_FEATURE:0cxx_uniform_initialization
    Feature record: CXX_FEATURE:0cxx_unrestricted_unions
    Feature record: CXX_FEATURE:0cxx_user_literals
    Feature record: CXX_FEATURE:0cxx_variable_templates
    Feature record: CXX_FEATURE:0cxx_variadic_macros
    Feature record: CXX_FEATURE:0cxx_variadic_templates
